2021-02-18T15:16:44.886Z - normal: Load ~/.CocosCreator/settings.json
2021-02-18T15:16:45.158Z - normal: Initializing Asset Database
2021-02-18T15:16:45.164Z - normal: checking language setting...
2021-02-18T15:16:45.164Z - normal: Language: zh
2021-02-18T15:16:46.494Z - success: preview server running at http://localhost:7456
2021-02-18T15:16:46.507Z - success: protocol editor-framework registered
2021-02-18T15:16:46.507Z - success: protocol app registered
2021-02-18T15:16:46.508Z - success: protocol theme registered
2021-02-18T15:16:46.508Z - success: protocol packages registered
2021-02-18T15:16:46.508Z - success: protocol uuid registerred
2021-02-18T15:16:46.508Z - success: protocol db registerred
2021-02-18T15:16:46.508Z - success: protocol thumbnail registerred
2021-02-18T15:16:46.508Z - success: protocol unpack registerred
2021-02-18T15:16:46.508Z - success: protocol disable-commonjs registerred
2021-02-18T15:16:46.640Z - normal: connected!
2021-02-18T15:16:46.641Z - normal: Check project /Users/ikeshyzz/Documents/IkeShyZz/work/github/LinkGameEditor
2021-02-18T15:16:46.643Z - normal: Initializing project /Users/ikeshyzz/Documents/IkeShyZz/work/github/LinkGameEditor
2021-02-18T15:16:47.180Z - normal: Initializing Cocos2d
2021-02-18T15:16:48.116Z - normal: Initializing engine extends
2021-02-18T15:16:48.156Z - success: asset-db-debugger loaded
2021-02-18T15:16:48.159Z - success: baidu-adapter loaded
2021-02-18T15:16:48.163Z - success: color-picker loaded
2021-02-18T15:16:48.314Z - success: fb-audience-network loaded
2021-02-18T15:16:48.392Z - success: fb-live-stream loaded
2021-02-18T15:16:48.397Z - success: google-play-instant loaded
2021-02-18T15:16:48.403Z - success: huawei-runtime loaded
2021-02-18T15:16:48.404Z - success: jsb-adapter loaded
2021-02-18T15:16:48.410Z - success: oppo-runtime loaded
2021-02-18T15:16:48.417Z - success: package-manager loaded
2021-02-18T15:16:48.623Z - success: qqplay-adapter loaded
2021-02-18T15:16:48.631Z - success: runtime-dev-tools loaded
2021-02-18T15:16:48.636Z - success: sdkbox loaded
2021-02-18T15:16:48.642Z - success: tester loaded
2021-02-18T15:16:48.647Z - success: ui-grid loaded
2021-02-18T15:16:48.651Z - success: ui-kit-preview-extra loaded
2021-02-18T15:16:48.655Z - success: ui-kit-preview loaded
2021-02-18T15:16:48.658Z - success: ui-kit loaded
2021-02-18T15:16:48.663Z - success: ui-tree loaded
2021-02-18T15:16:48.669Z - success: vivo-runtime loaded
2021-02-18T15:16:48.669Z - success: weapp-adapter loaded
2021-02-18T15:16:48.714Z - success: assets loaded
2021-02-18T15:16:48.720Z - success: builder loaded
2021-02-18T15:16:49.115Z - success: cocos-services loaded
2021-02-18T15:16:49.124Z - success: console loaded
2021-02-18T15:16:49.157Z - success: fb-instant-games loaded
2021-02-18T15:16:49.160Z - success: google-instant-games loaded
2021-02-18T15:16:49.174Z - success: hierarchy loaded
2021-02-18T15:16:49.181Z - success: inspector loaded
2021-02-18T15:16:49.183Z - success: keystore loaded
2021-02-18T15:16:49.188Z - success: node-library loaded
2021-02-18T15:16:49.190Z - success: package-asset loaded
2021-02-18T15:16:49.192Z - success: preferences loaded
2021-02-18T15:16:49.195Z - success: project-exporter loaded
2021-02-18T15:16:49.200Z - success: project-importer loaded
2021-02-18T15:16:49.202Z - success: project-settings loaded
2021-02-18T15:16:49.208Z - success: scene loaded
2021-02-18T15:16:49.210Z - success: simulator-debugger loaded
2021-02-18T15:16:49.212Z - success: sprite-editor loaded
2021-02-18T15:16:49.221Z - success: store loaded
2021-02-18T15:16:49.229Z - success: timeline loaded
2021-02-18T15:16:52.967Z - info: Cocos Services load base data!
2021-02-18T15:16:53.649Z - normal: Loading packages
2021-02-18T15:16:53.654Z - normal: Watching packages
2021-02-18T15:16:53.883Z - normal: Run Application
